Depgraph::findInputNode() says: Found an uninit node with ID: 11
	Processing node ID: 0
0 = makePhi
	Processing node ID: 1
1 = makePhi
	Processing node ID: 2
2 = makePhi
	Processing node ID: 3
3 = makePhi
Processing after first restrict
	Processing node ID: 5
predecessors of node 5: size: 1
operation function is called
Handling __vlab_restrict validation phase
__vlab_restrict pattern /.+/
__vlab_restrict modified pattern /.*(.+).*/
============
4 = regExToAuto(/.*(.+).*/) -- start
4: regular expression after removing delimeters = ".*(.+).*"
4: regExToString = 
1 = makeDot()
2 = kleensStar(1) -- start
1 = closure(1)
2 = unionWithEmptyString(1) -- start
-100 = makeEmptyString()
2 = union_(1, -100)
7 = makeAnyString()
checkEquivalence(1, 7) = 1
8 = makeAnyString()
2 = unionWithEmptyString(1) -- end
2 = kleensStar(1) -- end
3 = makeDot()
4 = closure(3)
5 = makeDot()
6 = kleensStar(5) -- start
5 = closure(5)
6 = unionWithEmptyString(5) -- start
-100 = makeEmptyString()
6 = union_(5, -100)
14 = makeAnyString()
checkEquivalence(5, 14) = 1
15 = makeAnyString()
6 = unionWithEmptyString(5) -- end
6 = kleensStar(5) -- end
7 = concatenate(4, 6)
16 = makeAnyString()
checkEquivalence(4, 16) = 1
17 = makeAnyString()
8 = concatenate(2, 17)
18 = makeAnyString()
checkEquivalence(2, 18) = 1
19 = makeAnyString()
4 = regExToAuto(.*(.+).*) -- end
============
4 = complement(4)
20 = makeAnyString()
checkEquivalence(4, 20) = 1
21 = makeAnyString()
5 = union_(3, 21)
22 = makeAnyString()
checkEquivalence(3, 22) = 0
23 = makeAnyString()
checkEquivalence(21, 23) = 1
24 = makeAnyString()
5 = clone(24)
checkEmptiness(24) = 0
25 = makeAnyString()
checkEquivalence(24, 25) = 1
26 = makeAnyString()
	Processing node ID: 6
predecessors of node 6: size: 1
6 = clone(26)
checkEmptiness(26) = 0
27 = makeAnyString()
checkEquivalence(26, 27) = 1
28 = makeAnyString()
	Processing node ID: 7
predecessors of node 7: size: 1
7 = clone(28)
checkEmptiness(28) = 0
29 = makeAnyString()
checkEquivalence(28, 29) = 1
30 = makeAnyString()
	Processing node ID: 9
predecessors of node 9: size: 1
operation function is called
Handling __vlab_restrict validation phase
__vlab_restrict pattern /^.{0,60}$/
__vlab_restrict modified pattern /.{0,60}/
============
8 = regExToAuto(/.{0,60}/) -- start
8: regular expression after removing delimeters = ".{0,60}"
8: regExToString = (){0,60}
1 = makeDot()
2 = repeate(0, 60, 1) -- start
2 = makeEmptyString()
2 = makeEmptyString()
2 = concatenate(2, 1)
34 = makeAnyString()
checkEquivalence(2, 34) = 0
35 = makeAnyString()
checkEquivalence(1, 35) = 0
checkEmptiness(2) = 1
2 = makePhi
2 = union_(2, 2)
37 = makeAnyString()
checkEquivalence(2, 37) = 0
38 = makeAnyString()
checkEquivalence(2, 38) = 0
checkEmptiness(2) = 1
2 = clone(2)
checkEmptiness(2) = 1
2 = makePhi
2 = concatenate(2, 1)
40 = makeAnyString()
checkEquivalence(2, 40) = 0
41 = makeAnyString()
checkEquivalence(1, 41) = 0
checkEmptiness(2) = 1
2 = makePhi
2 = union_(2, 2)
43 = makeAnyString()
checkEquivalence(2, 43) = 0
44 = makeAnyString()
checkEquivalence(2, 44) = 0
checkEmptiness(2) = 1
2 = clone(2)
checkEmptiness(2) = 1
2 = makePhi
2 = concatenate(2, 1)
46 = makeAnyString()
checkEquivalence(2, 46) = 0
47 = makeAnyString()
checkEquivalence(1, 47) = 0
checkEmptiness(2) = 1
2 = makePhi
2 = union_(2, 2)
49 = makeAnyString()
checkEquivalence(2, 49) = 0
50 = makeAnyString()
checkEquivalence(2, 50) = 0
checkEmptiness(2) = 1
2 = clone(2)
checkEmptiness(2) = 1
2 = makePhi
2 = concatenate(2, 1)
52 = makeAnyString()
checkEquivalence(2, 52) = 0
53 = makeAnyString()
checkEquivalence(1, 53) = 0
checkEmptiness(2) = 1
2 = makePhi
2 = union_(2, 2)
55 = makeAnyString()
checkEquivalence(2, 55) = 0
56 = makeAnyString()
checkEquivalence(2, 56) = 0
checkEmptiness(2) = 1
2 = clone(2)
checkEmptiness(2) = 1
2 = makePhi
2 = concatenate(2, 1)
58 = makeAnyString()
checkEquivalence(2, 58) = 0
59 = makeAnyString()
checkEquivalence(1, 59) = 0
checkEmptiness(2) = 1
2 = makePhi
2 = union_(2, 2)
61 = makeAnyString()
checkEquivalence(2, 61) = 0
62 = makeAnyString()
checkEquivalence(2, 62) = 0
checkEmptiness(2) = 1
2 = clone(2)
checkEmptiness(2) = 1
2 = makePhi
2 = concatenate(2, 1)
64 = makeAnyString()
checkEquivalence(2, 64) = 0
65 = makeAnyString()
checkEquivalence(1, 65) = 0
checkEmptiness(2) = 1
2 = makePhi
2 = union_(2, 2)
67 = makeAnyString()
checkEquivalence(2, 67) = 0
68 = makeAnyString()
checkEquivalence(2, 68) = 0
checkEmptiness(2) = 1
2 = clone(2)
checkEmptiness(2) = 1
2 = makePhi
2 = concatenate(2, 1)
70 = makeAnyString()
checkEquivalence(2, 70) = 0
71 = makeAnyString()
checkEquivalence(1, 71) = 0
checkEmptiness(2) = 1
2 = makePhi
2 = union_(2, 2)
73 = makeAnyString()
checkEquivalence(2, 73) = 0
74 = makeAnyString()
checkEquivalence(2, 74) = 0
checkEmptiness(2) = 1
2 = clone(2)
checkEmptiness(2) = 1
2 = makePhi
2 = concatenate(2, 1)
76 = makeAnyString()
checkEquivalence(2, 76) = 0
77 = makeAnyString()
checkEquivalence(1, 77) = 0
checkEmptiness(2) = 1
2 = makePhi
2 = union_(2, 2)
79 = makeAnyString()
checkEquivalence(2, 79) = 0
80 = makeAnyString()
checkEquivalence(2, 80) = 0
checkEmptiness(2) = 1
2 = clone(2)
checkEmptiness(2) = 1
2 = makePhi
2 = concatenate(2, 1)
82 = makeAnyString()
checkEquivalence(2, 82) = 0
83 = makeAnyString()
checkEquivalence(1, 83) = 0
checkEmptiness(2) = 1
2 = makePhi
2 = union_(2, 2)
85 = makeAnyString()
checkEquivalence(2, 85) = 0
86 = makeAnyString()
checkEquivalence(2, 86) = 0
checkEmptiness(2) = 1
2 = clone(2)
checkEmptiness(2) = 1
2 = makePhi
2 = concatenate(2, 1)
88 = makeAnyString()
checkEquivalence(2, 88) = 0
89 = makeAnyString()
checkEquivalence(1, 89) = 0
checkEmptiness(2) = 1
2 = makePhi
2 = union_(2, 2)
91 = makeAnyString()
checkEquivalence(2, 91) = 0
92 = makeAnyString()
checkEquivalence(2, 92) = 0
checkEmptiness(2) = 1
2 = clone(2)
checkEmptiness(2) = 1
2 = makePhi
2 = concatenate(2, 1)
94 = makeAnyString()
checkEquivalence(2, 94) = 0
95 = makeAnyString()
checkEquivalence(1, 95) = 0
checkEmptiness(2) = 1
2 = makePhi
2 = union_(2, 2)
97 = makeAnyString()
checkEquivalence(2, 97) = 0
98 = makeAnyString()
checkEquivalence(2, 98) = 0
checkEmptiness(2) = 1
2 = clone(2)
checkEmptiness(2) = 1
2 = makePhi
2 = concatenate(2, 1)
100 = makeAnyString()
checkEquivalence(2, 100) = 0
101 = makeAnyString()
checkEquivalence(1, 101) = 0
checkEmptiness(2) = 1
2 = makePhi
2 = union_(2, 2)
103 = makeAnyString()
checkEquivalence(2, 103) = 0
104 = makeAnyString()
checkEquivalence(2, 104) = 0
checkEmptiness(2) = 1
2 = clone(2)
checkEmptiness(2) = 1
2 = makePhi
2 = concatenate(2, 1)
106 = makeAnyString()
checkEquivalence(2, 106) = 0
107 = makeAnyString()
checkEquivalence(1, 107) = 0
checkEmptiness(2) = 1
2 = makePhi
2 = union_(2, 2)
109 = makeAnyString()
checkEquivalence(2, 109) = 0
110 = makeAnyString()
checkEquivalence(2, 110) = 0
checkEmptiness(2) = 1
2 = clone(2)
checkEmptiness(2) = 1
2 = makePhi
2 = concatenate(2, 1)
112 = makeAnyString()
checkEquivalence(2, 112) = 0
113 = makeAnyString()
checkEquivalence(1, 113) = 0
checkEmptiness(2) = 1
2 = makePhi
2 = union_(2, 2)
115 = makeAnyString()
checkEquivalence(2, 115) = 0
116 = makeAnyString()
checkEquivalence(2, 116) = 0
checkEmptiness(2) = 1
2 = clone(2)
checkEmptiness(2) = 1
2 = makePhi
2 = concatenate(2, 1)
118 = makeAnyString()
checkEquivalence(2, 118) = 0
119 = makeAnyString()
checkEquivalence(1, 119) = 0
checkEmptiness(2) = 1
2 = makePhi
2 = union_(2, 2)
121 = makeAnyString()
checkEquivalence(2, 121) = 0
122 = makeAnyString()
checkEquivalence(2, 122) = 0
checkEmptiness(2) = 1
2 = clone(2)
checkEmptiness(2) = 1
2 = makePhi
2 = concatenate(2, 1)
124 = makeAnyString()
checkEquivalence(2, 124) = 0
125 = makeAnyString()
checkEquivalence(1, 125) = 0
checkEmptiness(2) = 1
2 = makePhi
2 = union_(2, 2)
127 = makeAnyString()
checkEquivalence(2, 127) = 0
128 = makeAnyString()
checkEquivalence(2, 128) = 0
checkEmptiness(2) = 1
2 = clone(2)
checkEmptiness(2) = 1
2 = makePhi
2 = concatenate(2, 1)
130 = makeAnyString()
checkEquivalence(2, 130) = 0
131 = makeAnyString()
checkEquivalence(1, 131) = 0
checkEmptiness(2) = 1
2 = makePhi
2 = union_(2, 2)
133 = makeAnyString()
checkEquivalence(2, 133) = 0
134 = makeAnyString()
checkEquivalence(2, 134) = 0
checkEmptiness(2) = 1
2 = clone(2)
checkEmptiness(2) = 1
2 = makePhi
2 = concatenate(2, 1)
136 = makeAnyString()
checkEquivalence(2, 136) = 0
137 = makeAnyString()
checkEquivalence(1, 137) = 0
checkEmptiness(2) = 1
2 = makePhi
2 = union_(2, 2)
139 = makeAnyString()
checkEquivalence(2, 139) = 0
140 = makeAnyString()
checkEquivalence(2, 140) = 0
checkEmptiness(2) = 1
2 = clone(2)
checkEmptiness(2) = 1
2 = makePhi
2 = concatenate(2, 1)
142 = makeAnyString()
checkEquivalence(2, 142) = 0
143 = makeAnyString()
checkEquivalence(1, 143) = 0
checkEmptiness(2) = 1
2 = makePhi
2 = union_(2, 2)
145 = makeAnyString()
checkEquivalence(2, 145) = 0
146 = makeAnyString()
checkEquivalence(2, 146) = 0
checkEmptiness(2) = 1
2 = clone(2)
checkEmptiness(2) = 1
2 = makePhi
2 = concatenate(2, 1)
148 = makeAnyString()
checkEquivalence(2, 148) = 0
149 = makeAnyString()
checkEquivalence(1, 149) = 0
checkEmptiness(2) = 1
2 = makePhi
2 = union_(2, 2)
151 = makeAnyString()
checkEquivalence(2, 151) = 0
152 = makeAnyString()
checkEquivalence(2, 152) = 0
checkEmptiness(2) = 1
2 = clone(2)
checkEmptiness(2) = 1
2 = makePhi
2 = concatenate(2, 1)
154 = makeAnyString()
checkEquivalence(2, 154) = 0
155 = makeAnyString()
checkEquivalence(1, 155) = 0
checkEmptiness(2) = 1
2 = makePhi
2 = union_(2, 2)
157 = makeAnyString()
checkEquivalence(2, 157) = 0
158 = makeAnyString()
checkEquivalence(2, 158) = 0
checkEmptiness(2) = 1
2 = clone(2)
checkEmptiness(2) = 1
2 = makePhi
2 = concatenate(2, 1)
160 = makeAnyString()
checkEquivalence(2, 160) = 0
161 = makeAnyString()
checkEquivalence(1, 161) = 0
checkEmptiness(2) = 1
2 = makePhi
2 = union_(2, 2)
163 = makeAnyString()
checkEquivalence(2, 163) = 0
164 = makeAnyString()
checkEquivalence(2, 164) = 0
checkEmptiness(2) = 1
2 = clone(2)
checkEmptiness(2) = 1
2 = makePhi
2 = concatenate(2, 1)
166 = makeAnyString()
checkEquivalence(2, 166) = 0
167 = makeAnyString()
checkEquivalence(1, 167) = 0
checkEmptiness(2) = 1
2 = makePhi
2 = union_(2, 2)
169 = makeAnyString()
checkEquivalence(2, 169) = 0
170 = makeAnyString()
checkEquivalence(2, 170) = 0
checkEmptiness(2) = 1
2 = clone(2)
checkEmptiness(2) = 1
2 = makePhi
2 = concatenate(2, 1)
172 = makeAnyString()
checkEquivalence(2, 172) = 0
173 = makeAnyString()
checkEquivalence(1, 173) = 0
checkEmptiness(2) = 1
2 = makePhi
2 = union_(2, 2)
175 = makeAnyString()
checkEquivalence(2, 175) = 0
176 = makeAnyString()
checkEquivalence(2, 176) = 0
checkEmptiness(2) = 1
2 = clone(2)
checkEmptiness(2) = 1
2 = makePhi
2 = concatenate(2, 1)
178 = makeAnyString()
checkEquivalence(2, 178) = 0
179 = makeAnyString()
checkEquivalence(1, 179) = 0
checkEmptiness(2) = 1
2 = makePhi
2 = union_(2, 2)
181 = makeAnyString()
checkEquivalence(2, 181) = 0
182 = makeAnyString()
checkEquivalence(2, 182) = 0
checkEmptiness(2) = 1
2 = clone(2)
checkEmptiness(2) = 1
2 = makePhi
2 = concatenate(2, 1)
184 = makeAnyString()
checkEquivalence(2, 184) = 0
185 = makeAnyString()
checkEquivalence(1, 185) = 0
checkEmptiness(2) = 1
2 = makePhi
2 = union_(2, 2)
187 = makeAnyString()
checkEquivalence(2, 187) = 0
188 = makeAnyString()
checkEquivalence(2, 188) = 0
checkEmptiness(2) = 1
2 = clone(2)
checkEmptiness(2) = 1
2 = makePhi
2 = concatenate(2, 1)
190 = makeAnyString()
checkEquivalence(2, 190) = 0
191 = makeAnyString()
checkEquivalence(1, 191) = 0
checkEmptiness(2) = 1
2 = makePhi
2 = union_(2, 2)
193 = makeAnyString()
checkEquivalence(2, 193) = 0
194 = makeAnyString()
checkEquivalence(2, 194) = 0
checkEmptiness(2) = 1
2 = clone(2)
checkEmptiness(2) = 1
2 = makePhi
2 = concatenate(2, 1)
196 = makeAnyString()
checkEquivalence(2, 196) = 0
197 = makeAnyString()
checkEquivalence(1, 197) = 0
checkEmptiness(2) = 1
2 = makePhi
2 = union_(2, 2)
199 = makeAnyString()
checkEquivalence(2, 199) = 0
200 = makeAnyString()
checkEquivalence(2, 200) = 0
checkEmptiness(2) = 1
2 = clone(2)
checkEmptiness(2) = 1
2 = makePhi
2 = concatenate(2, 1)
202 = makeAnyString()
checkEquivalence(2, 202) = 0
203 = makeAnyString()
checkEquivalence(1, 203) = 0
checkEmptiness(2) = 1
2 = makePhi
2 = union_(2, 2)
205 = makeAnyString()
checkEquivalence(2, 205) = 0
206 = makeAnyString()
checkEquivalence(2, 206) = 0
checkEmptiness(2) = 1
2 = clone(2)
checkEmptiness(2) = 1
2 = makePhi
2 = concatenate(2, 1)
208 = makeAnyString()
checkEquivalence(2, 208) = 0
209 = makeAnyString()
checkEquivalence(1, 209) = 0
checkEmptiness(2) = 1
2 = makePhi
2 = union_(2, 2)
211 = makeAnyString()
checkEquivalence(2, 211) = 0
212 = makeAnyString()
checkEquivalence(2, 212) = 0
checkEmptiness(2) = 1
2 = clone(2)
checkEmptiness(2) = 1
2 = makePhi
2 = concatenate(2, 1)
214 = makeAnyString()
checkEquivalence(2, 214) = 0
215 = makeAnyString()
checkEquivalence(1, 215) = 0
checkEmptiness(2) = 1
2 = makePhi
2 = union_(2, 2)
217 = makeAnyString()
checkEquivalence(2, 217) = 0
218 = makeAnyString()
checkEquivalence(2, 218) = 0
checkEmptiness(2) = 1
2 = clone(2)
checkEmptiness(2) = 1
2 = makePhi
2 = concatenate(2, 1)
220 = makeAnyString()
checkEquivalence(2, 220) = 0
221 = makeAnyString()
checkEquivalence(1, 221) = 0
checkEmptiness(2) = 1
2 = makePhi
2 = union_(2, 2)
223 = makeAnyString()
checkEquivalence(2, 223) = 0
224 = makeAnyString()
checkEquivalence(2, 224) = 0
checkEmptiness(2) = 1
2 = clone(2)
checkEmptiness(2) = 1
2 = makePhi
2 = concatenate(2, 1)
226 = makeAnyString()
checkEquivalence(2, 226) = 0
227 = makeAnyString()
checkEquivalence(1, 227) = 0
checkEmptiness(2) = 1
2 = makePhi
2 = union_(2, 2)
229 = makeAnyString()
checkEquivalence(2, 229) = 0
230 = makeAnyString()
checkEquivalence(2, 230) = 0
checkEmptiness(2) = 1
2 = clone(2)
checkEmptiness(2) = 1
2 = makePhi
2 = concatenate(2, 1)
232 = makeAnyString()
checkEquivalence(2, 232) = 0
233 = makeAnyString()
checkEquivalence(1, 233) = 0
checkEmptiness(2) = 1
2 = makePhi
2 = union_(2, 2)
235 = makeAnyString()
checkEquivalence(2, 235) = 0
236 = makeAnyString()
checkEquivalence(2, 236) = 0
checkEmptiness(2) = 1
2 = clone(2)
checkEmptiness(2) = 1
2 = makePhi
2 = concatenate(2, 1)
238 = makeAnyString()
checkEquivalence(2, 238) = 0
239 = makeAnyString()
checkEquivalence(1, 239) = 0
checkEmptiness(2) = 1
2 = makePhi
2 = union_(2, 2)
241 = makeAnyString()
checkEquivalence(2, 241) = 0
242 = makeAnyString()
checkEquivalence(2, 242) = 0
checkEmptiness(2) = 1
2 = clone(2)
checkEmptiness(2) = 1
2 = makePhi
2 = concatenate(2, 1)
244 = makeAnyString()
checkEquivalence(2, 244) = 0
245 = makeAnyString()
checkEquivalence(1, 245) = 0
checkEmptiness(2) = 1
2 = makePhi
2 = union_(2, 2)
247 = makeAnyString()
checkEquivalence(2, 247) = 0
248 = makeAnyString()
checkEquivalence(2, 248) = 0
checkEmptiness(2) = 1
2 = clone(2)
checkEmptiness(2) = 1
2 = makePhi
2 = concatenate(2, 1)
250 = makeAnyString()
checkEquivalence(2, 250) = 0
251 = makeAnyString()
checkEquivalence(1, 251) = 0
checkEmptiness(2) = 1
2 = makePhi
2 = union_(2, 2)
253 = makeAnyString()
checkEquivalence(2, 253) = 0
254 = makeAnyString()
checkEquivalence(2, 254) = 0
checkEmptiness(2) = 1
2 = clone(2)
checkEmptiness(2) = 1
2 = makePhi
2 = concatenate(2, 1)
256 = makeAnyString()
checkEquivalence(2, 256) = 0
257 = makeAnyString()
checkEquivalence(1, 257) = 0
checkEmptiness(2) = 1
2 = makePhi
2 = union_(2, 2)
259 = makeAnyString()
checkEquivalence(2, 259) = 0
260 = makeAnyString()
checkEquivalence(2, 260) = 0
checkEmptiness(2) = 1
2 = clone(2)
checkEmptiness(2) = 1
2 = makePhi
2 = concatenate(2, 1)
262 = makeAnyString()
checkEquivalence(2, 262) = 0
263 = makeAnyString()
checkEquivalence(1, 263) = 0
checkEmptiness(2) = 1
2 = makePhi
2 = union_(2, 2)
265 = makeAnyString()
checkEquivalence(2, 265) = 0
266 = makeAnyString()
checkEquivalence(2, 266) = 0
checkEmptiness(2) = 1
2 = clone(2)
checkEmptiness(2) = 1
2 = makePhi
2 = concatenate(2, 1)
268 = makeAnyString()
checkEquivalence(2, 268) = 0
269 = makeAnyString()
checkEquivalence(1, 269) = 0
checkEmptiness(2) = 1
2 = makePhi
2 = union_(2, 2)
271 = makeAnyString()
checkEquivalence(2, 271) = 0
272 = makeAnyString()
checkEquivalence(2, 272) = 0
checkEmptiness(2) = 1
2 = clone(2)
checkEmptiness(2) = 1
2 = makePhi
2 = concatenate(2, 1)
274 = makeAnyString()
checkEquivalence(2, 274) = 0
275 = makeAnyString()
checkEquivalence(1, 275) = 0
checkEmptiness(2) = 1
2 = makePhi
2 = union_(2, 2)
277 = makeAnyString()
checkEquivalence(2, 277) = 0
278 = makeAnyString()
checkEquivalence(2, 278) = 0
checkEmptiness(2) = 1
2 = clone(2)
checkEmptiness(2) = 1
2 = makePhi
2 = concatenate(2, 1)
280 = makeAnyString()
checkEquivalence(2, 280) = 0
281 = makeAnyString()
checkEquivalence(1, 281) = 0
checkEmptiness(2) = 1
2 = makePhi
2 = union_(2, 2)
283 = makeAnyString()
checkEquivalence(2, 283) = 0
284 = makeAnyString()
checkEquivalence(2, 284) = 0
checkEmptiness(2) = 1
2 = clone(2)
checkEmptiness(2) = 1
2 = makePhi
2 = concatenate(2, 1)
286 = makeAnyString()
checkEquivalence(2, 286) = 0
287 = makeAnyString()
checkEquivalence(1, 287) = 0
checkEmptiness(2) = 1
2 = makePhi
2 = union_(2, 2)
289 = makeAnyString()
checkEquivalence(2, 289) = 0
290 = makeAnyString()
checkEquivalence(2, 290) = 0
checkEmptiness(2) = 1
2 = clone(2)
checkEmptiness(2) = 1
2 = makePhi
2 = concatenate(2, 1)
292 = makeAnyString()
checkEquivalence(2, 292) = 0
293 = makeAnyString()
checkEquivalence(1, 293) = 0
checkEmptiness(2) = 1
2 = makePhi
2 = union_(2, 2)
295 = makeAnyString()
checkEquivalence(2, 295) = 0
296 = makeAnyString()
checkEquivalence(2, 296) = 0
checkEmptiness(2) = 1
2 = clone(2)
checkEmptiness(2) = 1
2 = makePhi
2 = concatenate(2, 1)
298 = makeAnyString()
checkEquivalence(2, 298) = 0
299 = makeAnyString()
checkEquivalence(1, 299) = 0
checkEmptiness(2) = 1
2 = makePhi
2 = union_(2, 2)
301 = makeAnyString()
checkEquivalence(2, 301) = 0
302 = makeAnyString()
checkEquivalence(2, 302) = 0
checkEmptiness(2) = 1
2 = clone(2)
checkEmptiness(2) = 1
2 = makePhi
2 = concatenate(2, 1)
304 = makeAnyString()
checkEquivalence(2, 304) = 0
305 = makeAnyString()
checkEquivalence(1, 305) = 0
checkEmptiness(2) = 1
2 = makePhi
2 = union_(2, 2)
307 = makeAnyString()
checkEquivalence(2, 307) = 0
308 = makeAnyString()
checkEquivalence(2, 308) = 0
checkEmptiness(2) = 1
2 = clone(2)
checkEmptiness(2) = 1
2 = makePhi
2 = concatenate(2, 1)
310 = makeAnyString()
checkEquivalence(2, 310) = 0
311 = makeAnyString()
checkEquivalence(1, 311) = 0
checkEmptiness(2) = 1
2 = makePhi
2 = union_(2, 2)
313 = makeAnyString()
checkEquivalence(2, 313) = 0
314 = makeAnyString()
checkEquivalence(2, 314) = 0
checkEmptiness(2) = 1
2 = clone(2)
checkEmptiness(2) = 1
2 = makePhi
2 = concatenate(2, 1)
316 = makeAnyString()
checkEquivalence(2, 316) = 0
317 = makeAnyString()
checkEquivalence(1, 317) = 0
checkEmptiness(2) = 1
2 = makePhi
2 = union_(2, 2)
319 = makeAnyString()
checkEquivalence(2, 319) = 0
320 = makeAnyString()
checkEquivalence(2, 320) = 0
checkEmptiness(2) = 1
2 = clone(2)
checkEmptiness(2) = 1
2 = makePhi
2 = concatenate(2, 1)
322 = makeAnyString()
checkEquivalence(2, 322) = 0
323 = makeAnyString()
checkEquivalence(1, 323) = 0
checkEmptiness(2) = 1
2 = makePhi
2 = union_(2, 2)
325 = makeAnyString()
checkEquivalence(2, 325) = 0
326 = makeAnyString()
checkEquivalence(2, 326) = 0
checkEmptiness(2) = 1
2 = clone(2)
checkEmptiness(2) = 1
2 = makePhi
2 = concatenate(2, 1)
328 = makeAnyString()
checkEquivalence(2, 328) = 0
329 = makeAnyString()
checkEquivalence(1, 329) = 0
checkEmptiness(2) = 1
2 = makePhi
2 = union_(2, 2)
331 = makeAnyString()
checkEquivalence(2, 331) = 0
332 = makeAnyString()
checkEquivalence(2, 332) = 0
checkEmptiness(2) = 1
2 = clone(2)
checkEmptiness(2) = 1
2 = makePhi
2 = concatenate(2, 1)
334 = makeAnyString()
checkEquivalence(2, 334) = 0
335 = makeAnyString()
checkEquivalence(1, 335) = 0
checkEmptiness(2) = 1
2 = makePhi
2 = union_(2, 2)
337 = makeAnyString()
checkEquivalence(2, 337) = 0
338 = makeAnyString()
checkEquivalence(2, 338) = 0
checkEmptiness(2) = 1
2 = clone(2)
checkEmptiness(2) = 1
2 = makePhi
2 = concatenate(2, 1)
340 = makeAnyString()
checkEquivalence(2, 340) = 0
341 = makeAnyString()
checkEquivalence(1, 341) = 0
checkEmptiness(2) = 1
2 = makePhi
2 = union_(2, 2)
343 = makeAnyString()
checkEquivalence(2, 343) = 0
344 = makeAnyString()
checkEquivalence(2, 344) = 0
checkEmptiness(2) = 1
2 = clone(2)
checkEmptiness(2) = 1
2 = makePhi
2 = concatenate(2, 1)
346 = makeAnyString()
checkEquivalence(2, 346) = 0
347 = makeAnyString()
checkEquivalence(1, 347) = 0
checkEmptiness(2) = 1
2 = makePhi
2 = union_(2, 2)
349 = makeAnyString()
checkEquivalence(2, 349) = 0
350 = makeAnyString()
checkEquivalence(2, 350) = 0
checkEmptiness(2) = 1
2 = clone(2)
checkEmptiness(2) = 1
2 = makePhi
2 = concatenate(2, 1)
352 = makeAnyString()
checkEquivalence(2, 352) = 0
353 = makeAnyString()
checkEquivalence(1, 353) = 0
checkEmptiness(2) = 1
2 = makePhi
2 = union_(2, 2)
355 = makeAnyString()
checkEquivalence(2, 355) = 0
356 = makeAnyString()
checkEquivalence(2, 356) = 0
checkEmptiness(2) = 1
2 = clone(2)
checkEmptiness(2) = 1
2 = makePhi
2 = concatenate(2, 1)
358 = makeAnyString()
checkEquivalence(2, 358) = 0
359 = makeAnyString()
checkEquivalence(1, 359) = 0
checkEmptiness(2) = 1
2 = makePhi
2 = union_(2, 2)
361 = makeAnyString()
checkEquivalence(2, 361) = 0
362 = makeAnyString()
checkEquivalence(2, 362) = 0
checkEmptiness(2) = 1
2 = clone(2)
checkEmptiness(2) = 1
2 = makePhi
2 = concatenate(2, 1)
364 = makeAnyString()
checkEquivalence(2, 364) = 0
365 = makeAnyString()
checkEquivalence(1, 365) = 0
checkEmptiness(2) = 1
2 = makePhi
2 = union_(2, 2)
367 = makeAnyString()
checkEquivalence(2, 367) = 0
368 = makeAnyString()
checkEquivalence(2, 368) = 0
checkEmptiness(2) = 1
2 = clone(2)
checkEmptiness(2) = 1
2 = makePhi
2 = concatenate(2, 1)
370 = makeAnyString()
checkEquivalence(2, 370) = 0
371 = makeAnyString()
checkEquivalence(1, 371) = 0
checkEmptiness(2) = 1
2 = makePhi
2 = union_(2, 2)
373 = makeAnyString()
checkEquivalence(2, 373) = 0
374 = makeAnyString()
checkEquivalence(2, 374) = 0
checkEmptiness(2) = 1
2 = clone(2)
checkEmptiness(2) = 1
2 = makePhi
2 = concatenate(2, 1)
376 = makeAnyString()
checkEquivalence(2, 376) = 0
377 = makeAnyString()
checkEquivalence(1, 377) = 0
checkEmptiness(2) = 1
2 = makePhi
2 = union_(2, 2)
379 = makeAnyString()
checkEquivalence(2, 379) = 0
380 = makeAnyString()
checkEquivalence(2, 380) = 0
checkEmptiness(2) = 1
2 = clone(2)
checkEmptiness(2) = 1
2 = makePhi
2 = concatenate(2, 1)
382 = makeAnyString()
checkEquivalence(2, 382) = 0
383 = makeAnyString()
checkEquivalence(1, 383) = 0
checkEmptiness(2) = 1
2 = makePhi
2 = union_(2, 2)
385 = makeAnyString()
checkEquivalence(2, 385) = 0
386 = makeAnyString()
checkEquivalence(2, 386) = 0
checkEmptiness(2) = 1
2 = clone(2)
checkEmptiness(2) = 1
2 = makePhi
2 = concatenate(2, 1)
388 = makeAnyString()
checkEquivalence(2, 388) = 0
389 = makeAnyString()
checkEquivalence(1, 389) = 0
checkEmptiness(2) = 1
2 = makePhi
2 = union_(2, 2)
391 = makeAnyString()
checkEquivalence(2, 391) = 0
392 = makeAnyString()
checkEquivalence(2, 392) = 0
checkEmptiness(2) = 1
2 = clone(2)
checkEmptiness(2) = 1
2 = makePhi
2 = repeate(0, 60, 1) -- end
8 = regExToAuto(.{0,60}) -- end
============
8 = complement(8)
394 = makeAnyString()
checkEquivalence(8, 394) = 0
checkEmptiness(8) = 1
8 = makeAnyString()
9 = union_(30, 8)
396 = makeAnyString()
checkEquivalence(30, 396) = 1
397 = makeAnyString()
9 = clone(397)
checkEmptiness(397) = 0
398 = makeAnyString()
checkEquivalence(397, 398) = 1
399 = makeAnyString()
	Processing node ID: 10
predecessors of node 10: size: 1
10 = clone(399)
checkEmptiness(399) = 0
400 = makeAnyString()
checkEquivalence(399, 400) = 1
401 = makeAnyString()
	Processing node ID: 11
predecessors of node 11: size: 1
11 = clone(401)
checkEmptiness(401) = 0
402 = makeAnyString()
checkEquivalence(401, 402) = 1
403 = makeAnyString()
11 = complement(403)
404 = makeAnyString()
checkEquivalence(403, 404) = 1
405 = makeAnyString()
	***VALIDATION PATCH IS CREATED
